{
    "   diehard_birthdays": {
        "fail": 0,
        "pass": 95,
        "weak": 5
    },
    "      diehard_operm5": {
        "fail": 0,
        "pass": 99,
        "weak": 1
    },
    "  diehard_rank_32x32": {
        "fail": 0,
        "pass": 97,
        "weak": 3
    },
    "    diehard_rank_6x8": {
        "fail": 0,
        "pass": 99,
        "weak": 1
    },
    "   diehard_bitstream": {
        "fail": 0,
        "pass": 99,
        "weak": 1
    },
    "        diehard_opso": {
        "fail": 0,
        "pass": 96,
        "weak": 4
    },
    "        diehard_oqso": {
        "fail": 0,
        "pass": 99,
        "weak": 1
    },
    "         diehard_dna": {
        "fail": 0,
        "pass": 100,
        "weak": 0
    },
    "diehard_count_1s_str": {
        "fail": 0,
        "pass": 96,
        "weak": 4
    },
    "diehard_count_1s_byt": {
        "fail": 0,
        "pass": 99,
        "weak": 1
    },
    " diehard_parking_lot": {
        "fail": 0,
        "pass": 99,
        "weak": 1
    },
    "    diehard_2dsphere": {
        "fail": 0,
        "pass": 98,
        "weak": 2
    },
    "    diehard_3dsphere": {
        "fail": 0,
        "pass": 99,
        "weak": 1
    },
    "     diehard_squeeze": {
        "fail": 0,
        "pass": 100,
        "weak": 0
    },
    "        diehard_sums": {
        "fail": 0,
        "pass": 86,
        "weak": 14
    },
    "        diehard_runs": {
        "fail": 0,
        "pass": 194,
        "weak": 6
    },
    "       diehard_craps": {
        "fail": 0,
        "pass": 194,
        "weak": 6
    },
    " marsaglia_tsang_gcd": {
        "fail": 0,
        "pass": 192,
        "weak": 8
    },
    "         sts_monobit": {
        "fail": 0,
        "pass": 97,
        "weak": 3
    },
    "            sts_runs": {
        "fail": 0,
        "pass": 100,
        "weak": 0
    },
    "          sts_serial": {
        "fail": 0,
        "pass": 2931,
        "weak": 69
    },
    "         rgb_bitdist": {
        "fail": 0,
        "pass": 1170,
        "weak": 30
    },
    "rgb_minimum_distance": {
        "fail": 0,
        "pass": 392,
        "weak": 8
    },
    "    rgb_permutations": {
        "fail": 0,
        "pass": 391,
        "weak": 9
    },
    "      rgb_lagged_sum": {
        "fail": 0,
        "pass": 3222,
        "weak": 78
    },
    "     rgb_kstest_test": {
        "fail": 0,
        "pass": 96,
        "weak": 4
    },
    "     dab_bytedistrib": {
        "fail": 0,
        "pass": 100,
        "weak": 0
    },
    "             dab_dct": {
        "fail": 0,
        "pass": 100,
        "weak": 0
    },
    "        dab_filltree": {
        "fail": 0,
        "pass": 197,
        "weak": 3
    },
    "       dab_filltree2": {
        "fail": 0,
        "pass": 200,
        "weak": 0
    },
    "        dab_monobit2": {
        "fail": 0,
        "pass": 100,
        "weak": 0
    }
}