{
    "   diehard_birthdays": {
        "fail": 0,
        "pass": 94,
        "weak": 6
    },
    "      diehard_operm5": {
        "fail": 0,
        "pass": 98,
        "weak": 2
    },
    "  diehard_rank_32x32": {
        "fail": 0,
        "pass": 100,
        "weak": 0
    },
    "    diehard_rank_6x8": {
        "fail": 0,
        "pass": 98,
        "weak": 2
    },
    "   diehard_bitstream": {
        "fail": 0,
        "pass": 99,
        "weak": 1
    },
    "        diehard_opso": {
        "fail": 0,
        "pass": 98,
        "weak": 2
    },
    "        diehard_oqso": {
        "fail": 0,
        "pass": 100,
        "weak": 0
    },
    "         diehard_dna": {
        "fail": 0,
        "pass": 100,
        "weak": 0
    },
    "diehard_count_1s_str": {
        "fail": 0,
        "pass": 99,
        "weak": 1
    },
    "diehard_count_1s_byt": {
        "fail": 0,
        "pass": 98,
        "weak": 2
    },
    " diehard_parking_lot": {
        "fail": 0,
        "pass": 98,
        "weak": 2
    },
    "    diehard_2dsphere": {
        "fail": 0,
        "pass": 97,
        "weak": 3
    },
    "    diehard_3dsphere": {
        "fail": 0,
        "pass": 99,
        "weak": 1
    },
    "     diehard_squeeze": {
        "fail": 0,
        "pass": 99,
        "weak": 1
    },
    "        diehard_sums": {
        "fail": 0,
        "pass": 90,
        "weak": 10
    },
    "        diehard_runs": {
        "fail": 0,
        "pass": 195,
        "weak": 5
    },
    "       diehard_craps": {
        "fail": 0,
        "pass": 196,
        "weak": 4
    },
    " marsaglia_tsang_gcd": {
        "fail": 0,
        "pass": 193,
        "weak": 7
    },
    "         sts_monobit": {
        "fail": 0,
        "pass": 100,
        "weak": 0
    },
    "            sts_runs": {
        "fail": 0,
        "pass": 99,
        "weak": 1
    },
    "          sts_serial": {
        "fail": 0,
        "pass": 2932,
        "weak": 68
    },
    "         rgb_bitdist": {
        "fail": 0,
        "pass": 1172,
        "weak": 28
    },
    "rgb_minimum_distance": {
        "fail": 0,
        "pass": 394,
        "weak": 6
    },
    "    rgb_permutations": {
        "fail": 1,
        "pass": 392,
        "weak": 7
    },
    "      rgb_lagged_sum": {
        "fail": 1,
        "pass": 3212,
        "weak": 87
    },
    "     rgb_kstest_test": {
        "fail": 0,
        "pass": 98,
        "weak": 2
    },
    "     dab_bytedistrib": {
        "fail": 0,
        "pass": 99,
        "weak": 1
    },
    "             dab_dct": {
        "fail": 0,
        "pass": 99,
        "weak": 1
    },
    "        dab_filltree": {
        "fail": 0,
        "pass": 199,
        "weak": 1
    },
    "       dab_filltree2": {
        "fail": 0,
        "pass": 197,
        "weak": 3
    },
    "        dab_monobit2": {
        "fail": 0,
        "pass": 95,
        "weak": 5
    }
}